<?xml version="1.0" encoding="UTF-8"?>
<!-- Generated by org.testng.reporters.JUnitReportReporter -->
<testsuite skipped="0" hostname="DESKTOP-67TBU2L" name="santiy.GrafanaApi" tests="4" failures="0" timestamp="2021-04-08T13:06:49 IDT" time="3.829" errors="0">
  <testcase name="test02_addTeam" time="1.357" classname="santiy.GrafanaApi"/>
  <testcase name="test04_deleteTeam" time="0.141" classname="santiy.GrafanaApi"/>
  <testcase name="test01_VerifyTeam" time="2.115" classname="santiy.GrafanaApi"/>
  <testcase name="test03_updateTeam" time="0.216" classname="santiy.GrafanaApi"/>
</testsuite> <!-- santiy.GrafanaApi -->
