<?xml version="1.0" encoding="UTF-8"?>
<!-- Generated by org.testng.reporters.JUnitReportReporter -->
<testsuite skipped="0" hostname="DESKTOP-67TBU2L" name="santiy.MaccbiWeb" tests="2" failures="0" timestamp="2021-04-07T17:00:52 IDT" time="37.023" errors="0">
  <testcase name="Test01_VerifyLogin" time="15.549" classname="santiy.MaccbiWeb"/>
  <testcase name="Test02_VerifyVisitWithOutCard" time="21.474" classname="santiy.MaccbiWeb"/>
</testsuite> <!-- santiy.MaccbiWeb -->
